<?xml version="1.0" encoding="UTF-8"?>
<!-- Generated by org.testng.reporters.JUnitReportReporter -->
<testsuite hostname="Amitha" failures="0" tests="1" name="SeleniumAutomation.Tests.SubmitOrder" time="25.023" errors="0" timestamp="2024-10-31T15:35:52 EDT" skipped="0">
  <testcase classname="SeleniumAutomation.Tests.SubmitOrder" name="submitOrder" time="25.023"/>
</testsuite> <!-- SeleniumAutomation.Tests.SubmitOrder -->
