<?xml version="1.0" encoding="UTF-8"?>
<!-- Generated by org.testng.reporters.JUnitReportReporter -->
<testsuite hostname="Amitha" failures="0" tests="1" name="SeleniumAutomation.Tests.ErrorValidations" time="5.733" errors="0" timestamp="2024-11-04T14:48:53 EST" skipped="0">
  <testcase classname="SeleniumAutomation.Tests.ErrorValidations" name="submitOrder" time="5.733"/>
</testsuite> <!-- SeleniumAutomation.Tests.ErrorValidations -->
